[20:20:01] [main/INFO] (FabricLoader/GameProvider) Loading Minecraft 1.19.3 with Fabric Loader 0.14.12
[20:20:01] [main/INFO] (FabricLoader) Loading 50 mods:
	- architectury 7.0.66
	- fabric-api 0.72.0+1.19.3
	- fabric-api-base 0.4.20+afca2f3e85
	- fabric-api-lookup-api-v1 1.6.19+49abcf7e85
	- fabric-biome-api-v1 12.1.0+b5d379b085
	- fabric-block-api-v1 1.0.4+e022e5d185
	- fabric-blockrenderlayer-v1 1.1.29+c6af733c85
	- fabric-client-tags-api-v1 1.0.11+1134c5b885
	- fabric-command-api-v2 2.2.0+3fc4752e85
	- fabric-content-registries-v0 3.5.0+1d37d50285
	- fabric-convention-tags-v1 1.2.1+8e4e694f85
	- fabric-crash-report-info-v1 0.2.13+aeb40ebe85
	- fabric-data-generation-api-v1 11.1.4+1134c5b885
	- fabric-dimensions-v1 2.1.40+48349a3f85
	- fabric-entity-events-v1 1.5.6+b83334a085
	- fabric-events-interaction-v0 0.4.39+3baeb27a85
	- fabric-game-rule-api-v1 1.0.29+99f9db8085
	- fabric-gametest-api-v1 1.1.16+1134c5b885
	- fabric-item-api-v1 2.1.8+1134c5b885
	- fabric-item-group-api-v1 2.1.11+1134c5b885
	- fabric-key-binding-api-v1 1.0.30+bc01e09785
	- fabric-lifecycle-events-v1 2.2.9+23a79c8a85
	- fabric-loot-api-v2 1.1.19+75e9821185
	- fabric-message-api-v1 5.0.13+6ede1da985
	- fabric-mining-level-api-v1 2.1.30+49abcf7e85
	- fabric-models-v0 0.3.26+11ba9c3b85
	- fabric-networking-api-v1 1.2.16+4017a8cb85
	- fabric-object-builder-api-v1 5.3.0+85f102ee85
	- fabric-particles-v1 1.0.19+f1e4495b85
	- fabric-recipe-api-v1 1.0.0+5176f73d85
	- fabric-registry-sync-v0 2.0.4+1134c5b885
	- fabric-renderer-api-v1 2.2.0+9f179aa185
	- fabric-renderer-indigo 0.7.0+9f179aa185
	- fabric-rendering-data-attachment-v1 0.3.24+afca2f3e85
	- fabric-rendering-fluids-v1 3.0.17+f1e4495b85
	- fabric-rendering-v1 1.12.0+6dc0edd785
	- fabric-resource-conditions-api-v1 2.2.2+1134c5b885
	- fabric-resource-loader-v0 0.10.4+a91e48b785
	- fabric-screen-api-v1 1.0.40+f1e4495b85
	- fabric-screen-handler-api-v1 1.3.12+99f9db8085
	- fabric-sound-api-v1 1.0.7+75e9821185
	- fabric-transfer-api-v1 2.1.14+ccd377ba85
	- fabric-transitive-access-wideners-v1 2.3.0+5b9a588b85
	- fabricloader 0.14.12
	- forgeconfigapiport 5.0.3
	- generated_989e59a 1.0.0
	- java 17
	- jellyfishing 1.0.0
	- minecraft 1.19.3
	- terrablender 2.1.0.134
[20:20:01] [main/INFO] (FabricLoader/Mixin) SpongePowered MIXIN Subsystem Version=0.8.5 Source=file:/C:/Users/Steve/.gradle/caches/modules-2/files-2.1/net.fabricmc/sponge-mixin/0.11.4+mixin.0.8.5/c1dc27696aa4006e492c2485c9ccbcb26045a971/sponge-mixin-0.11.4+mixin.0.8.5.jar Service=Knot/Fabric Env=CLIENT
[20:20:02] [main/INFO] (FabricLoader/Mixin) Loaded Fabric development mappings for mixin remapper!
[20:20:02] [main/INFO] (FabricLoader/Mixin) Compatibility level set to JAVA_16
[20:20:02] [main/INFO] (FabricLoader/Mixin) Compatibility level set to JAVA_17
[20:20:06] [main/INFO] (Minecraft) Building optimized datafixer
[20:20:11] [Render thread/INFO] (Minecraft) Environment: authHost='https://authserver.mojang.com', accountsHost='https://api.mojang.com', sessionHost='https://sessionserver.mojang.com', servicesHost='https://api.minecraftservices.com', name='PROD'
[20:20:12] [Render thread/ERROR] (Minecraft) Failed to verify authentication
com.mojang.authlib.exceptions.InvalidCredentialsException: Status: 401
	at com.mojang.authlib.exceptions.MinecraftClientHttpException.toAuthenticationException(MinecraftClientHttpException.java:56) ~[authlib-3.16.29.jar:?]
	at com.mojang.authlib.yggdrasil.YggdrasilUserApiService.fetchProperties(YggdrasilUserApiService.java:156) ~[authlib-3.16.29.jar:?]
	at com.mojang.authlib.yggdrasil.YggdrasilUserApiService.<init>(YggdrasilUserApiService.java:55) ~[authlib-3.16.29.jar:?]
	at com.mojang.authlib.yggdrasil.YggdrasilAuthenticationService.createUserApiService(YggdrasilAuthenticationService.java:161) ~[authlib-3.16.29.jar:?]
	at net.minecraft.client.Minecraft.createUserApiService(Minecraft.java:724) ~[minecraft-project-@fabric-merged-named.jar:?]
	at net.minecraft.client.Minecraft.<init>(Minecraft.java:437) ~[minecraft-project-@fabric-merged-named.jar:?]
	at net.minecraft.client.main.Main.run(Main.java:205) ~[minecraft-project-@fabric-merged-named.jar:?]
	at net.minecraft.client.main.Main.main(Main.java:51) ~[minecraft-project-@fabric-merged-named.jar:?]
	at net.fabricmc.loader.impl.game.minecraft.MinecraftGameProvider.launch(MinecraftGameProvider.java:461) ~[fabric-loader-0.14.12.jar:?]
	at net.fabricmc.loader.impl.launch.knot.Knot.launch(Knot.java:74) ~[fabric-loader-0.14.12.jar:?]
	at net.fabricmc.loader.impl.launch.knot.KnotClient.main(KnotClient.java:23) ~[fabric-loader-0.14.12.jar:?]
	at net.fabricmc.devlaunchinjector.Main.main(Main.java:86) ~[dev-launch-injector-0.2.1+build.8.jar:?]
	at dev.architectury.transformer.TransformerRuntime.main(TransformerRuntime.java:217) ~[architectury-transformer-5.2.72-runtime.jar:?]
Caused by: com.mojang.authlib.exceptions.MinecraftClientHttpException: Status: 401
	at com.mojang.authlib.minecraft.client.MinecraftClient.readInputStream(MinecraftClient.java:87) ~[authlib-3.16.29.jar:?]
	at com.mojang.authlib.minecraft.client.MinecraftClient.get(MinecraftClient.java:48) ~[authlib-3.16.29.jar:?]
	at com.mojang.authlib.yggdrasil.YggdrasilUserApiService.fetchProperties(YggdrasilUserApiService.java:129) ~[authlib-3.16.29.jar:?]
	... 11 more
[20:20:12] [Render thread/INFO] (Minecraft) Setting user: Player660
[20:20:14] [Render thread/ERROR] (Minecraft) No data fixer registered for jellyfishing:textures/entities/blue_jellyfish.png
[20:20:14] [Render thread/ERROR] (Minecraft) No data fixer registered for jellyfishing:textures/entities/blue_jellyfish.png
[20:20:16] [Render thread/INFO] (terrablender) Registered region minecraft:overworld to index 0 for type OVERWORLD
[20:20:16] [Render thread/INFO] (terrablender) Registered region minecraft:nether to index 0 for type NETHER
[20:20:16] [Render thread/INFO] (terrablender) Registered region jellyfishing:biome_region to index 1 for type OVERWORLD
[20:20:17] [Render thread/INFO] (Indigo) [Indigo] Registering Indigo renderer!
[20:20:17] [Render thread/INFO] (NetworkManagerImpl) Registering S2C receiver with id architectury:spawn_entity_packet
[20:20:18] [Render thread/INFO] (Minecraft) Backend library: LWJGL version 3.3.1 SNAPSHOT
[20:20:21] [Render thread/INFO] (Minecraft) Narrator library for x64 successfully loaded
[20:20:21] [Render thread/INFO] (Minecraft) Reloading ResourceManager: vanilla, Fabric Mods (Fabric Resource Conditions API (v1), Fabric Message API (v1), Fabric Renderer - Indigo, Fabric Game Test API (v1), Fabric Transitive Access Wideners (v1), Fabric Convention Tags, Fabric Recipe API (v1), Fabric Dimensions API (v1), Fabric Screen API (v1), Fabric Lifecycle Events (v1), Generated Mod (Please Ignore), Fabric Game Rule API (v1), Fabric Registry Sync (v0), Fabric Rendering Fluids (v1), Forge Config API Port, Fabric Events Interaction (v0), Fabric Mining Level API (v1), Fabric Block API (v1), Fabric Renderer API (v1), Fabric Loader, Fabric Crash Report Info (v1), Fabric Models (v0), Fabric Networking API (v1), Fabric Object Builder API (v1), Fabric Sound API (v1), Fabric Client Tags, Fabric Entity Events (v1), Fabric Item Group API (v1), Fabric Rendering (v1), Fabric Biome API (v1), Fabric API, TerraBlender, Fabric Screen Handler API (v1), Fabric Loot API (v2), Fabric Transfer API (v1), Fabric Data Generation API (v1), Fabric BlockRenderLayer Registration (v1), Fabric Resource Loader (v0), Fabric API Base, Fabric Command API (v2), Fabric Rendering Data Attachment (v1), Fabric Item API (v1), Fabric Content Registries (v0), Fabric Particles (v1), Fabric Key Binding API (v1), Fabric API Lookup API (v1))
[20:20:23] [Realms Notification Availability checker #1/INFO] (Minecraft) Could not authorize you against Realms server: Invalid session id
[20:20:23] [Worker-Main-14/WARN] (Minecraft) Unable to load model: 'minecraft:block/door_bottom' referenced from: jellyfishing:vault_door#facing=north,half=upper,hinge=left,open=true,powered=true: java.io.FileNotFoundException: minecraft:models/block/door_bottom.json
[20:20:23] [Worker-Main-14/WARN] (Minecraft) Unable to load model: 'minecraft:block/door_top' referenced from: jellyfishing:vault_door#facing=north,half=upper,hinge=left,open=true,powered=true: java.io.FileNotFoundException: minecraft:models/block/door_top.json
[20:20:23] [Worker-Main-14/WARN] (Minecraft) Unable to load model: 'minecraft:block/door_bottom_rh' referenced from: jellyfishing:vault_door#facing=north,half=upper,hinge=left,open=true,powered=true: java.io.FileNotFoundException: minecraft:models/block/door_bottom_rh.json
[20:20:23] [Worker-Main-14/WARN] (Minecraft) Unable to load model: 'minecraft:block/door_top_rh' referenced from: jellyfishing:vault_door#facing=north,half=upper,hinge=left,open=true,powered=true: java.io.FileNotFoundException: minecraft:models/block/door_top_rh.json
[20:20:23] [Worker-Main-14/WARN] (Minecraft) Exception loading blockstate definition: 'jellyfishing:blockstates/grill.json' in resourcepack: 'Fabric Mods' for variant: 'facing=south': Unknown blockstate property: 'facing'
[20:20:23] [Worker-Main-14/WARN] (Minecraft) Exception loading blockstate definition: 'jellyfishing:blockstates/grill.json' in resourcepack: 'Fabric Mods' for variant: 'facing=east': Unknown blockstate property: 'facing'
[20:20:23] [Worker-Main-14/WARN] (Minecraft) Exception loading blockstate definition: 'jellyfishing:blockstates/grill.json' in resourcepack: 'Fabric Mods' for variant: 'facing=north': Unknown blockstate property: 'facing'
[20:20:23] [Worker-Main-14/WARN] (Minecraft) Exception loading blockstate definition: 'jellyfishing:blockstates/grill.json' in resourcepack: 'Fabric Mods' for variant: 'facing=west': Unknown blockstate property: 'facing'
[20:20:23] [Worker-Main-14/WARN] (Minecraft) Exception loading blockstate definition: 'jellyfishing:blockstates/grill.json' missing model for variant: 'jellyfishing:grill#'
[20:20:23] [Worker-Main-14/WARN] (Minecraft) Unable to load model: 'minecraft:grill' referenced from: jellyfishing:grill#inventory: java.io.FileNotFoundException: minecraft:models/grill.json
[20:20:24] [Worker-Main-15/WARN] (Minecraft) Missing textures in model jellyfishing:power_karate_glove_left#inventory:
    minecraft:textures/atlas/blocks.png:jellyfishing:item/power_karate_glove
[20:20:24] [Worker-Main-15/WARN] (Minecraft) Missing textures in model jellyfishing:power_karate_glove#inventory:
    minecraft:textures/atlas/blocks.png:jellyfishing:item/power_karate_glove_item
[20:20:24] [Worker-Main-15/WARN] (Minecraft) Missing textures in model jellyfishing:air_suit_leggings#inventory:
    minecraft:textures/atlas/blocks.png:jellyfishing:item/sandy_suit_leggings
[20:20:24] [Worker-Main-15/WARN] (Minecraft) Missing textures in model jellyfishing:air_suit_chestplate#inventory:
    minecraft:textures/atlas/blocks.png:jellyfishing:item/sandy_suit_chestplate
[20:20:24] [Worker-Main-15/WARN] (Minecraft) Missing textures in model jellyfishing:air_suit_helmet#inventory:
    minecraft:textures/atlas/blocks.png:jellyfishing:item/sandy_suit_helmet
[20:20:24] [Worker-Main-15/WARN] (Minecraft) Missing textures in model jellyfishing:air_suit_boots#inventory:
    minecraft:textures/atlas/blocks.png:jellyfishing:item/sandy_suit_boots
[20:20:24] [Worker-Main-15/WARN] (Minecraft) Missing textures in model jellyfishing:power_karate_glove_right#inventory:
    minecraft:textures/atlas/blocks.png:jellyfishing:item/power_karate_glove
[20:20:24] [Render thread/WARN] (Minecraft) Missing sound for event: minecraft:item.goat_horn.play
[20:20:24] [Render thread/WARN] (Minecraft) Missing sound for event: minecraft:entity.goat.screaming.horn_break
[20:20:24] [Render thread/INFO] (Minecraft) OpenAL initialized on device OpenAL Soft on Headset Earphone (Logitech G535 Gaming Headset)
[20:20:24] [Render thread/INFO] (Minecraft) Sound engine started
[20:20:24] [Render thread/INFO] (Minecraft) Created: 1024x1024x4 minecraft:textures/atlas/blocks.png-atlas
[20:20:24] [Render thread/INFO] (Minecraft) Created: 512x256x4 minecraft:textures/atlas/signs.png-atlas
[20:20:24] [Render thread/INFO] (Minecraft) Created: 1024x512x4 minecraft:textures/atlas/banner_patterns.png-atlas
[20:20:24] [Render thread/INFO] (Minecraft) Created: 1024x512x4 minecraft:textures/atlas/shield_patterns.png-atlas
[20:20:24] [Render thread/INFO] (Minecraft) Created: 256x256x4 minecraft:textures/atlas/chest.png-atlas
[20:20:24] [Render thread/INFO] (Minecraft) Created: 512x256x4 minecraft:textures/atlas/shulker_boxes.png-atlas
[20:20:24] [Render thread/INFO] (Minecraft) Created: 512x256x4 minecraft:textures/atlas/beds.png-atlas
[20:20:25] [Render thread/WARN] (Minecraft) Shader rendertype_entity_translucent_emissive could not find sampler named Sampler2 in the specified shader program.
[20:20:25] [Render thread/INFO] (Minecraft) Created: 512x256x0 minecraft:textures/atlas/particles.png-atlas
[20:20:25] [Render thread/INFO] (Minecraft) Created: 512x256x0 minecraft:textures/atlas/paintings.png-atlas
[20:20:25] [Render thread/INFO] (Minecraft) Created: 256x128x0 minecraft:textures/atlas/mob_effects.png-atlas
[20:20:30] [Worker-Bootstrap-10/INFO] (Minecraft) 4445 Datafixer optimizations took 24010 milliseconds
[20:20:38] [Render thread/INFO] (Minecraft) Stopping!
