[Architectury Transformer] Architectury Runtime 5.2.72
[Architectury Transformer DEBUG] Closed File Systems for C:\Users\maxba\IdeaProjects\jellyfishing-1.19\common\build\devlibs\jellyfishing-1.0.0-dev.jar
[Architectury Transformer DEBUG] Preparing tiny remapper prepared transformer: dev.architectury.transformer.handler.TinyRemapperPreparedTransformerHandler
[Architectury Transformer DEBUG] Provided 113 classpath jar(s):
[Architectury Transformer DEBUG]  - C:\Users\maxba\.gradle\caches\fabric-loom\1.19.3\forge\1.19.3-44.1.0\forge-client-extra.jar
[Architectury Transformer DEBUG]  - C:\Users\maxba\.gradle\caches\modules-2\files-2.1\dev.architectury\architectury-injectables\1.0.10\62db2a366d662606d1b23ad02ccc3212ed37ec3\architectury-injectables-1.0.10.jar
[Architectury Transformer DEBUG]  - C:\Users\maxba\.gradle\caches\modules-2\files-2.1\net.fabricmc\fabric-loader\0.14.13\2c57930fc72f178345a891e60a2c41f0a49f783b\fabric-loader-0.14.13.jar
[Architectury Transformer DEBUG]  - C:\Users\maxba\.gradle\caches\modules-2\files-2.1\org.jetbrains\annotations\23.0.0\8cc20c07506ec18e0834947b84a864bfc094484e\annotations-23.0.0.jar
[Architectury Transformer DEBUG]  - C:\Users\maxba\.gradle\caches\transforms-3\2f803c7a8b17b6dd3fd6d490b5593943\transformed\alfd-transformed-9de6f62584cc147d804d5c5c90ed166d95222ba10e46fe5231350d6ebdf1d40f\javafmllanguage-1.19.3-44.1.0.jar
[Architectury Transformer DEBUG]  - C:\Users\maxba\.gradle\caches\transforms-3\f7cead3e5aa30ddf8a495ea253f0c204\transformed\alfd-transformed-9de6f62584cc147d804d5c5c90ed166d95222ba10e46fe5231350d6ebdf1d40f\lowcodelanguage-1.19.3-44.1.0.jar
[Architectury Transformer DEBUG]  - C:\Users\maxba\.gradle\caches\transforms-3\4c48dd3555d89e1a7d03eda6f5c32abc\transformed\alfd-transformed-9de6f62584cc147d804d5c5c90ed166d95222ba10e46fe5231350d6ebdf1d40f\mclanguage-1.19.3-44.1.0.jar
[Architectury Transformer DEBUG]  - C:\Users\maxba\.gradle\caches\transforms-3\f095ffa7fa800b2b22592c24b732f433\transformed\alfd-transformed-9de6f62584cc147d804d5c5c90ed166d95222ba10e46fe5231350d6ebdf1d40f\fmlcore-1.19.3-44.1.0.jar
[Architectury Transformer DEBUG]  - C:\Users\maxba\.gradle\caches\transforms-3\851fb76c2d6d37b15a3d04f42a31cc02\transformed\alfd-transformed-9de6f62584cc147d804d5c5c90ed166d95222ba10e46fe5231350d6ebdf1d40f\fmlloader-1.19.3-44.1.0.jar
[Architectury Transformer DEBUG]  - C:\Users\maxba\.gradle\caches\transforms-3\e0a0bc223f5502941087371d75e1750b\transformed\alfd-transformed-9de6f62584cc147d804d5c5c90ed166d95222ba10e46fe5231350d6ebdf1d40f\JarJarSelector-0.3.19.jar
[Architectury Transformer DEBUG]  - C:\Users\maxba\.gradle\caches\transforms-3\6c84a2a25a2979fcda4eb6ff48555903\transformed\alfd-transformed-9de6f62584cc147d804d5c5c90ed166d95222ba10e46fe5231350d6ebdf1d40f\JarJarMetadata-0.3.19.jar
[Architectury Transformer DEBUG]  - C:\Users\maxba\.gradle\caches\modules-2\files-2.1\com.mojang\patchy\2.2.10\da05971b07cbb379d002cf7eaec6a2048211fefc\patchy-2.2.10.jar
[Architectury Transformer DEBUG]  - C:\Users\maxba\.gradle\caches\modules-2\files-2.1\com.mojang\text2speech\1.13.9\5f4e3a6ef86cb021f7ca87ca192cddb50c26eb59\text2speech-1.13.9.jar
[Architectury Transformer DEBUG]  - C:\Users\maxba\.gradle\caches\modules-2\files-2.1\com.mojang\text2speech\1.13.9\7a90898b29e5c72f90ba6ebe86fa78a6afd7d3eb\text2speech-1.13.9-natives-windows.jar
[Architectury Transformer DEBUG]  - C:\Users\maxba\.gradle\caches\modules-2\files-2.1\com.mojang\authlib\3.16.29\efcca7a2fd33a399287834787f3a899086752b14\authlib-3.16.29.jar
[Architectury Transformer DEBUG]  - C:\Users\maxba\.gradle\caches\modules-2\files-2.1\com.mojang\datafixerupper\5.0.28\e2157e236e529aff80a5fc3ccb506e56d46b130b\datafixerupper-5.0.28.jar
[Architectury Transformer DEBUG]  - C:\Users\maxba\.gradle\caches\modules-2\files-2.1\com.google.guava\guava\31.1-jre\60458f877d055d0c9114d9e1a2efb737b4bc282c\guava-31.1-jre.jar
[Architectury Transformer DEBUG]  - C:\Users\maxba\.gradle\caches\modules-2\files-2.1\com.google.code.findbugs\jsr305\3.0.2\25ea2e8b0c338a877313bd4672d3fe056ea78f0d\jsr305-3.0.2.jar
[Architectury Transformer DEBUG]  - C:\Users\maxba\.gradle\caches\transforms-3\ea9b0babab1092219084a0ae26d021e4\transformed\alfd-transformed-9de6f62584cc147d804d5c5c90ed166d95222ba10e46fe5231350d6ebdf1d40f\coremods-5.0.1.jar
[Architectury Transformer DEBUG]  - C:\Users\maxba\.gradle\caches\transforms-3\51831a5ea8f32d4d32cd281aa50c9e8e\transformed\alfd-transformed-9de6f62584cc147d804d5c5c90ed166d95222ba10e46fe5231350d6ebdf1d40f\forgespi-6.0.0.jar
[Architectury Transformer DEBUG]  - C:\Users\maxba\.gradle\caches\transforms-3\ef248ddb3aee908441f0daf760103595\transformed\alfd-transformed-9de6f62584cc147d804d5c5c90ed166d95222ba10e46fe5231350d6ebdf1d40f\accesstransformers-8.0.4.jar
[Architectury Transformer DEBUG]  - C:\Users\maxba\.gradle\caches\transforms-3\09ae4201e4f9f2070cdf82319c8e3d44\transformed\alfd-transformed-9de6f62584cc147d804d5c5c90ed166d95222ba10e46fe5231350d6ebdf1d40f\eventbus-6.0.3.jar
[Architectury Transformer DEBUG]  - C:\Users\maxba\.gradle\caches\transforms-3\0e0f349d46b5f45ca7ad1dd089fdd258\transformed\alfd-transformed-9de6f62584cc147d804d5c5c90ed166d95222ba10e46fe5231350d6ebdf1d40f\modlauncher-10.0.8.jar
[Architectury Transformer DEBUG]  - C:\Users\maxba\.gradle\caches\transforms-3\de91b62db2e236e97b3c1ee9fc9042e4\transformed\alfd-transformed-9de6f62584cc147d804d5c5c90ed166d95222ba10e46fe5231350d6ebdf1d40f\bootstraplauncher-1.1.2.jar
[Architectury Transformer DEBUG]  - C:\Users\maxba\.gradle\caches\transforms-3\2d2ffae9dac46b63965ad390960f2cf0\transformed\alfd-transformed-9de6f62584cc147d804d5c5c90ed166d95222ba10e46fe5231350d6ebdf1d40f\securejarhandler-2.1.4.jar
[Architectury Transformer DEBUG]  - C:\Users\maxba\.gradle\caches\transforms-3\86a68abe26d3b54064a76882a41881cb\transformed\alfd-transformed-9de6f62584cc147d804d5c5c90ed166d95222ba10e46fe5231350d6ebdf1d40f\nashorn-core-15.3.jar
[Architectury Transformer DEBUG]  - C:\Users\maxba\.gradle\caches\transforms-3\5b16be35c8f192b9e72a7667f02fe966\transformed\alfd-transformed-9de6f62584cc147d804d5c5c90ed166d95222ba10e46fe5231350d6ebdf1d40f\asm-commons-9.3.jar
[Architectury Transformer DEBUG]  - C:\Users\maxba\.gradle\caches\transforms-3\346ffa58fc08063c5d7b188d318ca17d\transformed\alfd-transformed-9de6f62584cc147d804d5c5c90ed166d95222ba10e46fe5231350d6ebdf1d40f\asm-util-9.3.jar
[Architectury Transformer DEBUG]  - C:\Users\maxba\.gradle\caches\transforms-3\f631a3d774ad94a074c44477ea5acd2e\transformed\alfd-transformed-9de6f62584cc147d804d5c5c90ed166d95222ba10e46fe5231350d6ebdf1d40f\asm-analysis-9.3.jar
[Architectury Transformer DEBUG]  - C:\Users\maxba\.gradle\caches\transforms-3\f6470e70abf39bf8c055cf616d705074\transformed\alfd-transformed-9de6f62584cc147d804d5c5c90ed166d95222ba10e46fe5231350d6ebdf1d40f\asm-tree-9.3.jar
[Architectury Transformer DEBUG]  - C:\Users\maxba\.gradle\caches\transforms-3\8dba581663d4da6a0e3fe4165e45a240\transformed\alfd-transformed-9de6f62584cc147d804d5c5c90ed166d95222ba10e46fe5231350d6ebdf1d40f\asm-9.3.jar
[Architectury Transformer DEBUG]  - C:\Users\maxba\.gradle\caches\modules-2\files-2.1\org.antlr\antlr4\4.9.1\e92af8ab33e428461927b484e90bb155a4f3a052\antlr4-4.9.1.jar
[Architectury Transformer DEBUG]  - C:\Users\maxba\.gradle\caches\transforms-3\94ff9a4e0deda0cc43dab877dafa9582\transformed\alfd-transformed-9de6f62584cc147d804d5c5c90ed166d95222ba10e46fe5231350d6ebdf1d40f\antlr4-runtime-4.9.1.jar
[Architectury Transformer DEBUG]  - C:\Users\maxba\.gradle\caches\transforms-3\56130a2b3b1db5d3690fff50fc8820ca\transformed\alfd-transformed-9de6f62584cc147d804d5c5c90ed166d95222ba10e46fe5231350d6ebdf1d40f\unsafe-0.2.0.jar
[Architectury Transformer DEBUG]  - C:\Users\maxba\.gradle\caches\transforms-3\770751c15d65639a62a4d15abf608991\transformed\alfd-transformed-9de6f62584cc147d804d5c5c90ed166d95222ba10e46fe5231350d6ebdf1d40f\toml-3.6.4.jar
[Architectury Transformer DEBUG]  - C:\Users\maxba\.gradle\caches\transforms-3\88d6e53bdc31abf36648e20fe5fe4409\transformed\alfd-transformed-9de6f62584cc147d804d5c5c90ed166d95222ba10e46fe5231350d6ebdf1d40f\core-3.6.4.jar
[Architectury Transformer DEBUG]  - C:\Users\maxba\.gradle\caches\transforms-3\770f925c1b9000e37f8c3c8c69463dd0\transformed\alfd-transformed-9de6f62584cc147d804d5c5c90ed166d95222ba10e46fe5231350d6ebdf1d40f\maven-artifact-3.8.5.jar
[Architectury Transformer DEBUG]  - C:\Users\maxba\.gradle\caches\transforms-3\a2076442d3fe1c749595e5b1ad713ada\transformed\alfd-transformed-9de6f62584cc147d804d5c5c90ed166d95222ba10e46fe5231350d6ebdf1d40f\typetools-0.8.3.jar
[Architectury Transformer DEBUG]  - C:\Users\maxba\.gradle\caches\transforms-3\aeed29439ba9aa4bb730ffea99700805\transformed\alfd-transformed-9de6f62584cc147d804d5c5c90ed166d95222ba10e46fe5231350d6ebdf1d40f\terminalconsoleappender-1.2.0.jar
[Architectury Transformer DEBUG]  - C:\Users\maxba\.gradle\caches\transforms-3\e14bf6dd4ac639a12bc02c22eb6a5359\transformed\alfd-transformed-9de6f62584cc147d804d5c5c90ed166d95222ba10e46fe5231350d6ebdf1d40f\jline-reader-3.12.1.jar
[Architectury Transformer DEBUG]  - C:\Users\maxba\.gradle\caches\transforms-3\90ba2fc2e904b30965d35d1abb969f07\transformed\alfd-transformed-9de6f62584cc147d804d5c5c90ed166d95222ba10e46fe5231350d6ebdf1d40f\jline-terminal-3.12.1.jar
[Architectury Transformer DEBUG]  - C:\Users\maxba\.gradle\caches\transforms-3\7bf82ed02905d9b3f24535a06066ab21\transformed\alfd-transformed-9de6f62584cc147d804d5c5c90ed166d95222ba10e46fe5231350d6ebdf1d40f\mixin-patched-0.8.5.8.jar
[Architectury Transformer DEBUG]  - C:\Users\maxba\.gradle\caches\transforms-3\c6fd1972cefa772807efd0a4915a0d5d\transformed\alfd-transformed-9de6f62584cc147d804d5c5c90ed166d95222ba10e46fe5231350d6ebdf1d40f\JarJarFileSystems-0.3.19.jar
[Architectury Transformer DEBUG]  - C:\Users\maxba\.gradle\caches\modules-2\files-2.1\dev.architectury\architectury-loom-runtime\1.1.3\5ca1d9609c1bdd10a3162a9e2d211a95ca79740e\architectury-loom-runtime-1.1.3.jar
[Architectury Transformer DEBUG]  - C:\Users\maxba\.gradle\caches\modules-2\files-2.1\io.github.juuxel\unprotect\1.2.0\49cc229a0469f28fae41593a9537743ac6a951dc\unprotect-1.2.0.jar
[Architectury Transformer DEBUG]  - C:\Users\maxba\.gradle\caches\modules-2\files-2.1\com.ibm.icu\icu4j\71.1\9e7d3304c23f9ba5cb71915f7cce23231a57a445\icu4j-71.1.jar
[Architectury Transformer DEBUG]  - C:\Users\maxba\.gradle\caches\modules-2\files-2.1\com.mojang\blocklist\1.0.10\5c685c5ffa94c4cd39496c7184c1d122e515ecef\blocklist-1.0.10.jar
[Architectury Transformer DEBUG]  - C:\Users\maxba\.gradle\caches\modules-2\files-2.1\org.apache.httpcomponents\httpclient\4.5.13\e5f6cae5ca7ecaac1ec2827a9e2d65ae2869cada\httpclient-4.5.13.jar
[Architectury Transformer DEBUG]  - C:\Users\maxba\.gradle\caches\modules-2\files-2.1\commons-codec\commons-codec\1.15\49d94806b6e3dc933dacbd8acb0fdbab8ebd1e5d\commons-codec-1.15.jar
[Architectury Transformer DEBUG]  - C:\Users\maxba\.gradle\caches\modules-2\files-2.1\commons-logging\commons-logging\1.2\4bfc12adfe4842bf07b657f0369c4cb522955686\commons-logging-1.2.jar
[Architectury Transformer DEBUG]  - C:\Users\maxba\.gradle\caches\modules-2\files-2.1\org.apache.commons\commons-compress\1.21\4ec95b60d4e86b5c95a0e919cb172a0af98011ef\commons-compress-1.21.jar
[Architectury Transformer DEBUG]  - C:\Users\maxba\.gradle\caches\modules-2\files-2.1\org.apache.httpcomponents\httpcore\4.4.15\7f2e0c573eaa7a74bac2e89b359e1f73d92a0a1d\httpcore-4.4.15.jar
[Architectury Transformer DEBUG]  - C:\Users\maxba\.gradle\caches\modules-2\files-2.1\org.lwjgl\lwjgl-glfw\3.3.1\cbac1b8d30cb4795149c1ef540f912671a8616d0\lwjgl-glfw-3.3.1.jar
[Architectury Transformer DEBUG]  - C:\Users\maxba\.gradle\caches\modules-2\files-2.1\org.lwjgl\lwjgl-glfw\3.3.1\ed892f945cf7e79c8756796f32d00fa4ceaf573b\lwjgl-glfw-3.3.1-natives-windows.jar
[Architectury Transformer DEBUG]  - C:\Users\maxba\.gradle\caches\modules-2\files-2.1\org.lwjgl\lwjgl-glfw\3.3.1\b997e3391d6ce8f05487e7335d95c606043884a1\lwjgl-glfw-3.3.1-natives-windows-x86.jar
[Architectury Transformer DEBUG]  - C:\Users\maxba\.gradle\caches\modules-2\files-2.1\org.lwjgl\lwjgl-jemalloc\3.3.1\a817bcf213db49f710603677457567c37d53e103\lwjgl-jemalloc-3.3.1.jar
[Architectury Transformer DEBUG]  - C:\Users\maxba\.gradle\caches\modules-2\files-2.1\org.lwjgl\lwjgl-jemalloc\3.3.1\948a89b76a16aa324b046ae9308891216ffce5f9\lwjgl-jemalloc-3.3.1-natives-windows.jar
[Architectury Transformer DEBUG]  - C:\Users\maxba\.gradle\caches\modules-2\files-2.1\org.lwjgl\lwjgl-jemalloc\3.3.1\fb476c8ec110e1c137ad3ce8a7f7bfe6b11c6324\lwjgl-jemalloc-3.3.1-natives-windows-x86.jar
[Architectury Transformer DEBUG]  - C:\Users\maxba\.gradle\caches\modules-2\files-2.1\org.lwjgl\lwjgl-openal\3.3.1\2623a6b8ae1dfcd880738656a9f0243d2e6840bd\lwjgl-openal-3.3.1.jar
[Architectury Transformer DEBUG]  - C:\Users\maxba\.gradle\caches\modules-2\files-2.1\org.lwjgl\lwjgl-openal\3.3.1\30a474d0e57193d7bc128849a3ab66bc9316fdb1\lwjgl-openal-3.3.1-natives-windows.jar
[Architectury Transformer DEBUG]  - C:\Users\maxba\.gradle\caches\modules-2\files-2.1\org.lwjgl\lwjgl-openal\3.3.1\888349f7b1be6fbae58bf8edfb9ef12def04c4e3\lwjgl-openal-3.3.1-natives-windows-x86.jar
[Architectury Transformer DEBUG]  - C:\Users\maxba\.gradle\caches\modules-2\files-2.1\org.lwjgl\lwjgl-opengl\3.3.1\831a5533a21a5f4f81bbc51bb13e9899319b5411\lwjgl-opengl-3.3.1.jar
[Architectury Transformer DEBUG]  - C:\Users\maxba\.gradle\caches\modules-2\files-2.1\org.lwjgl\lwjgl-opengl\3.3.1\c1807e9bd571402787d7e37e3029776ae2513bb8\lwjgl-opengl-3.3.1-natives-windows.jar
[Architectury Transformer DEBUG]  - C:\Users\maxba\.gradle\caches\modules-2\files-2.1\org.lwjgl\lwjgl-opengl\3.3.1\deef3eb9b178ff2ff3ce893cc72ae741c3a17974\lwjgl-opengl-3.3.1-natives-windows-x86.jar
[Architectury Transformer DEBUG]  - C:\Users\maxba\.gradle\caches\modules-2\files-2.1\org.lwjgl\lwjgl-stb\3.3.1\b119297cf8ed01f247abe8685857f8e7fcf5980f\lwjgl-stb-3.3.1.jar
[Architectury Transformer DEBUG]  - C:\Users\maxba\.gradle\caches\modules-2\files-2.1\org.lwjgl\lwjgl-stb\3.3.1\86315914ac119efdb02dc9e8e978ade84f1702af\lwjgl-stb-3.3.1-natives-windows.jar
[Architectury Transformer DEBUG]  - C:\Users\maxba\.gradle\caches\modules-2\files-2.1\org.lwjgl\lwjgl-stb\3.3.1\a8d41f419eecb430b7c91ea2ce2c5c451cae2091\lwjgl-stb-3.3.1-natives-windows-x86.jar
[Architectury Transformer DEBUG]  - C:\Users\maxba\.gradle\caches\modules-2\files-2.1\org.lwjgl\lwjgl-tinyfd\3.3.1\ff1914111ef2e3e0110ef2dabc8d8cdaad82347\lwjgl-tinyfd-3.3.1.jar
[Architectury Transformer DEBUG]  - C:\Users\maxba\.gradle\caches\modules-2\files-2.1\org.lwjgl\lwjgl-tinyfd\3.3.1\a5d830475ec0958d9fdba1559efa99aef211e6ff\lwjgl-tinyfd-3.3.1-natives-windows.jar
[Architectury Transformer DEBUG]  - C:\Users\maxba\.gradle\caches\modules-2\files-2.1\org.lwjgl\lwjgl-tinyfd\3.3.1\842eedd876fae354abc308c98a263f6bbc9e8a4d\lwjgl-tinyfd-3.3.1-natives-windows-x86.jar
[Architectury Transformer DEBUG]  - C:\Users\maxba\.gradle\caches\modules-2\files-2.1\org.lwjgl\lwjgl\3.3.1\ae58664f88e18a9bb2c77b063833ca7aaec484cb\lwjgl-3.3.1.jar
[Architectury Transformer DEBUG]  - C:\Users\maxba\.gradle\caches\modules-2\files-2.1\org.lwjgl\lwjgl\3.3.1\36c37f16ab611b3aa11f3bcf80b1d509b4ce6b\lwjgl-3.3.1-natives-windows.jar
[Architectury Transformer DEBUG]  - C:\Users\maxba\.gradle\caches\modules-2\files-2.1\org.lwjgl\lwjgl\3.3.1\3b14f4beae9dd39791ec9e12190a9380cd8a3ce6\lwjgl-3.3.1-natives-windows-x86.jar
[Architectury Transformer DEBUG]  - C:\Users\maxba\IdeaProjects\jellyfishing-1.19\.gradle\loom-cache\1.19.3\loom.mappings.1_19_3.layered+hash.1278150723-v2-forge-1.19.3-44.1.0\forge-1.19.3-44.1.0-minecraft-project-@forge-merged-named.jar
[Architectury Transformer DEBUG]  - C:\Users\maxba\.gradle\caches\modules-2\files-2.1\com.github.oshi\oshi-core\6.2.2\54f5efc19bca95d709d9a37d19ffcbba3d21c1a6\oshi-core-6.2.2.jar
[Architectury Transformer DEBUG]  - C:\Users\maxba\.gradle\caches\modules-2\files-2.1\com.google.code.gson\gson\2.10\dd9b193aef96e973d5a11ab13cd17430c2e4306b\gson-2.10.jar
[Architectury Transformer DEBUG]  - C:\Users\maxba\.gradle\caches\modules-2\files-2.1\com.google.guava\failureaccess\1.0.1\1dcf1de382a0bf95a3d8b0849546c88bac1292c9\failureaccess-1.0.1.jar
[Architectury Transformer DEBUG]  - C:\Users\maxba\.gradle\caches\modules-2\files-2.1\com.mojang\brigadier\1.0.18\c1ef1234282716483c92183f49bef47b1a89bfa9\brigadier-1.0.18.jar
[Architectury Transformer DEBUG]  - C:\Users\maxba\.gradle\caches\modules-2\files-2.1\com.mojang\javabridge\2.0.25\bfa589b0bd71588fa7e594640114b0cda0cff5f6\javabridge-2.0.25.jar
[Architectury Transformer DEBUG]  - C:\Users\maxba\.gradle\caches\modules-2\files-2.1\com.mojang\logging\1.1.1\832b8e6674a9b325a5175a3a6267dfaf34c85139\logging-1.1.1.jar
[Architectury Transformer DEBUG]  - C:\Users\maxba\.gradle\caches\modules-2\files-2.1\commons-io\commons-io\2.11.0\a2503f302b11ebde7ebc3df41daebe0e4eea3689\commons-io-2.11.0.jar
[Architectury Transformer DEBUG]  - C:\Users\maxba\.gradle\caches\modules-2\files-2.1\io.netty\netty-handler\4.1.82.Final\644041d1fa96a5d3130a29e8978630d716d76e38\netty-handler-4.1.82.Final.jar
[Architectury Transformer DEBUG]  - C:\Users\maxba\.gradle\caches\modules-2\files-2.1\io.netty\netty-codec\4.1.82.Final\b77200379acb345a9ffdece1c605e591ac3e4e0a\netty-codec-4.1.82.Final.jar
[Architectury Transformer DEBUG]  - C:\Users\maxba\.gradle\caches\modules-2\files-2.1\io.netty\netty-transport-classes-epoll\4.1.82.Final\e7c7dd18deac93105797f30057c912651ea76521\netty-transport-classes-epoll-4.1.82.Final.jar
[Architectury Transformer DEBUG]  - C:\Users\maxba\.gradle\caches\modules-2\files-2.1\io.netty\netty-transport-native-unix-common\4.1.82.Final\3e895b35ca1b8a0eca56cacff4c2dde5d2c6abce\netty-transport-native-unix-common-4.1.82.Final.jar
[Architectury Transformer DEBUG]  - C:\Users\maxba\.gradle\caches\modules-2\files-2.1\io.netty\netty-transport\4.1.82.Final\e431a218d91acb6476ccad5f5aafde50aa3945ca\netty-transport-4.1.82.Final.jar
[Architectury Transformer DEBUG]  - C:\Users\maxba\.gradle\caches\modules-2\files-2.1\io.netty\netty-buffer\4.1.82.Final\a544270cf1ae8b8077082f5036436a9a9971ea71\netty-buffer-4.1.82.Final.jar
[Architectury Transformer DEBUG]  - C:\Users\maxba\.gradle\caches\modules-2\files-2.1\io.netty\netty-resolver\4.1.82.Final\38f665ae8dcd29032eea31245ba7806bed2e0fa8\netty-resolver-4.1.82.Final.jar
[Architectury Transformer DEBUG]  - C:\Users\maxba\.gradle\caches\modules-2\files-2.1\io.netty\netty-common\4.1.82.Final\22d148e85c3f5ebdacc0ce1f5aabb1d420f73f3\netty-common-4.1.82.Final.jar
[Architectury Transformer DEBUG]  - C:\Users\maxba\.gradle\caches\modules-2\files-2.1\it.unimi.dsi\fastutil\8.5.9\bb7ea75ecdb216654237830b3a96d87ad91f8cc5\fastutil-8.5.9.jar
[Architectury Transformer DEBUG]  - C:\Users\maxba\.gradle\caches\modules-2\files-2.1\net.java.dev.jna\jna-platform\5.12.1\97406a297c852f4a41e688a176ec675f72e8329\jna-platform-5.12.1.jar
[Architectury Transformer DEBUG]  - C:\Users\maxba\.gradle\caches\modules-2\files-2.1\ca.weblite\java-objc-bridge\1.1\1227f9e0666314f9de41477e3ec277e542ed7f7b\java-objc-bridge-1.1.jar
[Architectury Transformer DEBUG]  - C:\Users\maxba\.gradle\caches\modules-2\files-2.1\net.java.dev.jna\jna\5.12.1\b1e93a735caea94f503e95e6fe79bf9cdc1e985d\jna-5.12.1.jar
[Architectury Transformer DEBUG]  - C:\Users\maxba\.gradle\caches\modules-2\files-2.1\net.sf.jopt-simple\jopt-simple\5.0.4\4fdac2fbe92dfad86aa6e9301736f6b4342a3f5c\jopt-simple-5.0.4.jar
[Architectury Transformer DEBUG]  - C:\Users\maxba\.gradle\caches\modules-2\files-2.1\org.apache.commons\commons-lang3\3.12.0\c6842c86792ff03b9f1d1fe2aab8dc23aa6c6f0e\commons-lang3-3.12.0.jar
[Architectury Transformer DEBUG]  - C:\Users\maxba\.gradle\caches\modules-2\files-2.1\org.apache.logging.log4j\log4j-core\2.19.0\3b6eeb4de4c49c0fe38a4ee27188ff5fee44d0bb\log4j-core-2.19.0.jar
[Architectury Transformer DEBUG]  - C:\Users\maxba\.gradle\caches\modules-2\files-2.1\org.apache.logging.log4j\log4j-slf4j2-impl\2.19.0\5c04bfdd63ce9dceb2e284b81e96b6a70010ee10\log4j-slf4j2-impl-2.19.0.jar
[Architectury Transformer DEBUG]  - C:\Users\maxba\.gradle\caches\modules-2\files-2.1\org.apache.logging.log4j\log4j-api\2.19.0\ea1b37f38c327596b216542bc636cfdc0b8036fa\log4j-api-2.19.0.jar
[Architectury Transformer DEBUG]  - C:\Users\maxba\.gradle\caches\modules-2\files-2.1\org.joml\joml\1.10.5\22566d58af70ad3d72308bab63b8339906deb649\joml-1.10.5.jar
[Architectury Transformer DEBUG]  - C:\Users\maxba\.gradle\caches\modules-2\files-2.1\com.machinezoo.noexception\noexception\1.7.1\b65330c98e38a1f915fa54a6e5eca496505e3f0a\noexception-1.7.1.jar
[Architectury Transformer DEBUG]  - C:\Users\maxba\.gradle\caches\modules-2\files-2.1\org.slf4j\slf4j-simple\1.7.30\e606eac955f55ecf1d8edcccba04eb8ac98088dd\slf4j-simple-1.7.30.jar
[Architectury Transformer DEBUG]  - C:\Users\maxba\.gradle\caches\modules-2\files-2.1\org.slf4j\slf4j-api\2.0.1\f48d81adce2abf5ad3cfe463df517952749e03bc\slf4j-api-2.0.1.jar
[Architectury Transformer DEBUG]  - C:\Users\maxba\IdeaProjects\jellyfishing-1.19\.gradle\loom-cache\remapped_mods\loom_mappings_1_19_3_layered_hash_1278150723_v2_forge_1_19_3_44_1_0_forge\dev\architectury\architectury-forge\7.0.66\architectury-forge-7.0.66.jar
[Architectury Transformer DEBUG]  - C:\Users\maxba\IdeaProjects\jellyfishing-1.19\.gradle\loom-cache\remapped_mods\loom_mappings_1_19_3_layered_hash_1278150723_v2_forge_1_19_3_44_1_0_forge\com\github\glitchfiend\TerraBlender-forge\1.19.3-2.1.0.134\TerraBlender-forge-1.19.3-2.1.0.134.jar
[Architectury Transformer DEBUG]  - C:\Users\maxba\.gradle\caches\modules-2\files-2.1\org.codehaus.plexus\plexus-utils\3.3.0\cf43b5391de623b36fe066a21127baef82c64022\plexus-utils-3.3.0.jar
[Architectury Transformer DEBUG]  - C:\Users\maxba\.gradle\caches\modules-2\files-2.1\com.google.guava\listenablefuture\9999.0-empty-to-avoid-conflict-with-guava\b421526c5f297295adef1c886e5246c39d4ac629\listenablefuture-9999.0-empty-to-avoid-conflict-with-guava.jar
[Architectury Transformer DEBUG]  - C:\Users\maxba\.gradle\caches\modules-2\files-2.1\org.checkerframework\checker-qual\3.12.0\d5692f0526415fcc6de94bb5bfbd3afd9dd3b3e5\checker-qual-3.12.0.jar
[Architectury Transformer DEBUG]  - C:\Users\maxba\.gradle\caches\modules-2\files-2.1\com.google.errorprone\error_prone_annotations\2.11.0\c5a0ace696d3f8b1c1d8cc036d8c03cc0cbe6b69\error_prone_annotations-2.11.0.jar
[Architectury Transformer DEBUG]  - C:\Users\maxba\.gradle\caches\modules-2\files-2.1\com.google.j2objc\j2objc-annotations\1.3\ba035118bc8bac37d7eff77700720999acd9986d\j2objc-annotations-1.3.jar
[Architectury Transformer DEBUG]  - C:\Users\maxba\.gradle\caches\modules-2\files-2.1\org.antlr\ST4\4.3\92f2c1ad8d84abcbeead6cf7f2c53a04166293c2\ST4-4.3.jar
[Architectury Transformer DEBUG]  - C:\Users\maxba\.gradle\caches\modules-2\files-2.1\org.antlr\antlr-runtime\3.5.2\cd9cd41361c155f3af0f653009dcecb08d8b4afd\antlr-runtime-3.5.2.jar
[Architectury Transformer DEBUG]  - C:\Users\maxba\.gradle\caches\modules-2\files-2.1\org.abego.treelayout\org.abego.treelayout.core\1.0.3\457216e8e6578099ae63667bb1e4439235892028\org.abego.treelayout.core-1.0.3.jar
[Architectury Transformer DEBUG]  - C:\Users\maxba\.gradle\caches\modules-2\files-2.1\org.glassfish\javax.json\1.0.4\3178f73569fd7a1e5ffc464e680f7a8cc784b85a\javax.json-1.0.4.jar
[Architectury Transformer] Read classpath in 1.325 s
[Architectury Transformer DEBUG] Closed File Systems for C:\Users\maxba\IdeaProjects\jellyfishing-1.19\common\build\devlibs\jellyfishing-1.0.0-dev.jar
[Architectury Transformer DEBUG] Transforming 8 transformer(s) from C:\Users\maxba\IdeaProjects\jellyfishing-1.19\common\build\devlibs\jellyfishing-1.0.0-dev.jar to C:\Users\maxba\AppData\Local\Temp\17851284872718618560.jar: 
[Architectury Transformer DEBUG]  - dev.architectury.transformer.transformers.RuntimeMixinRefmapDetector@7b205dbd
[Architectury Transformer DEBUG]  - dev.architectury.transformer.transformers.TransformExpectPlatform@106cc338
[Architectury Transformer DEBUG]  - dev.architectury.transformer.transformers.RemapInjectables@7a67e3c6
[Architectury Transformer DEBUG]  - dev.architectury.transformer.transformers.TransformPlatformOnly@6cc558c6
[Architectury Transformer DEBUG]  - dev.architectury.transformer.transformers.TransformForgeAnnotations@15713d56
[Architectury Transformer DEBUG]  - dev.architectury.transformer.transformers.TransformForgeEnvironment@63f259c3
[Architectury Transformer DEBUG]  - dev.architectury.transformer.transformers.GenerateFakeForgeMod@26ceffa8
[Architectury Transformer DEBUG]  - dev.architectury.transformer.transformers.FixForgeMixin@600b90df
[Architectury Transformer DEBUG] Transforming from C:\Users\maxba\IdeaProjects\jellyfishing-1.19\common\build\devlibs\jellyfishing-1.0.0-dev.jar to C:\Users\maxba\AppData\Local\Temp\17851284872718618560.jar with 8 transformer(s) on dev.architectury.transformer.handler.SimpleTransformerHandler
[Architectury Transformer DEBUG] Reading mixin mappings file: C:\Users\maxba\IdeaProjects\jellyfishing-1.19\forge\build\loom-cache\mixin-map-loom.mappings.1_19_3.layered+hash.1278150723-v2-forge-1.19.3-44.1.0.main.tiny
[Architectury Transformer DEBUG] Remapping with 3 mapping provider(s):
[Architectury Transformer DEBUG]  - dev.architectury.transformer.transformers.RemapInjectables$$Lambda$125/0x0000000800c2ef78@5f354bcf
[Architectury Transformer DEBUG]  - dev.architectury.transformer.transformers.TransformForgeEnvironment$$Lambda$129/0x0000000800c8cde8@6eb2384f
[Architectury Transformer DEBUG]  - dev.architectury.transformer.transformers.TransformForgeEnvironment$$Lambda$128/0x0000000800c8cbc8@73194df
[Architectury Transformer DEBUG] Remapping Classes:
[Architectury Transformer DEBUG] net/fabricmc/api/EnvType -> net/minecraftforge/api/distmarker/Dist
[Architectury Transformer DEBUG] net/fabricmc/api/Environment -> net/minecraftforge/api/distmarker/OnlyIn
[Architectury Transformer DEBUG] dev/architectury/injectables/targets/ArchitecturyTarget -> architectury_inject_jellyfishing_forge_4211775ed9464a4b946432f29e0b7674_0af6c0e798b853d970ddb299db68c17f7e262ae3f3e400fbe710c90f9b0d6a6cjellyfishing100devjar/PlatformMethods
[Architectury Transformer DEBUG] Found class transformer
[Architectury Transformer DEBUG] Writing com/jellyfishing/client/JellyfishingClient with maxs=true frames=true
[Architectury Transformer DEBUG] Writing com/jellyfishing/client/model/SuitModel with maxs=true frames=true
[Architectury Transformer DEBUG] Writing com/jellyfishing/client/model/AbstractJellyfishModel with maxs=true frames=true
[Architectury Transformer DEBUG] Writing com/jellyfishing/client/model/ModelPerspectiveRegistry with maxs=true frames=true
[Architectury Transformer DEBUG] Writing com/jellyfishing/client/model/package-info with maxs=true frames=true
[Architectury Transformer DEBUG] Writing com/jellyfishing/client/model/SpatulaModel with maxs=true frames=true
[Architectury Transformer DEBUG] Writing com/jellyfishing/client/model/forge/ModelPerspectiveRegistryImpl with maxs=true frames=true
[Architectury Transformer DEBUG] Writing com/jellyfishing/client/renderer/BlueJellyfishRenderer with maxs=true frames=true
[Architectury Transformer DEBUG] Writing com/jellyfishing/client/renderer/package-info with maxs=true frames=true
[Architectury Transformer DEBUG] Writing com/jellyfishing/client/renderer/JellyfishRenderer with maxs=true frames=true
[Architectury Transformer DEBUG] Writing com/jellyfishing/common/block/JellyfishMachineBlock with maxs=true frames=true
[Architectury Transformer DEBUG] Writing com/jellyfishing/common/block/Water with maxs=true frames=true
[Architectury Transformer DEBUG] Writing com/jellyfishing/common/block/AlgaeGrassBlock with maxs=true frames=true
[Architectury Transformer DEBUG] Writing com/jellyfishing/common/block/SeanutBush with maxs=true frames=true
[Architectury Transformer DEBUG] Writing com/jellyfishing/common/block/BubbleBlock with maxs=true frames=true
[Architectury Transformer DEBUG] Writing com/jellyfishing/common/block/PineapplePlant with maxs=true frames=true
[Architectury Transformer DEBUG] Writing com/jellyfishing/common/block/package-info with maxs=true frames=true
[Architectury Transformer DEBUG] Writing com/jellyfishing/common/entities/AbstractJellyfishEntity with maxs=true frames=true
[Architectury Transformer DEBUG] Writing com/jellyfishing/common/entities/JellyfishEntity with maxs=true frames=true
[Architectury Transformer DEBUG] Writing com/jellyfishing/common/entities/BlueJellyfishEntity with maxs=true frames=true
[Architectury Transformer DEBUG] Writing com/jellyfishing/common/features/CoralPlantFeature with maxs=true frames=true
[Architectury Transformer DEBUG] Writing com/jellyfishing/common/features/TubePlantFeature with maxs=true frames=true
[Architectury Transformer DEBUG] Writing com/jellyfishing/common/features/PineapplePlantFeature with maxs=true frames=true
[Architectury Transformer DEBUG] Writing com/jellyfishing/common/features/SeanutBushFeature with maxs=true frames=true
[Architectury Transformer DEBUG] Writing com/jellyfishing/common/item/JellyfishNetItem with maxs=true frames=true
[Architectury Transformer DEBUG] Writing com/jellyfishing/common/item/BubbleKitItem with maxs=true frames=true
[Architectury Transformer DEBUG] Writing com/jellyfishing/common/item/GloveItem with maxs=true frames=true
[Architectury Transformer DEBUG] Writing com/jellyfishing/common/item/SpatulaItem with maxs=true frames=true
[Architectury Transformer DEBUG] Writing com/jellyfishing/common/item/package-info with maxs=true frames=true
[Architectury Transformer DEBUG] Writing com/jellyfishing/common/item/JellyfishItem with maxs=true frames=true
[Architectury Transformer DEBUG] Writing com/jellyfishing/common/item/SuitMaterial with maxs=true frames=true
[Architectury Transformer DEBUG] Writing com/jellyfishing/common/item/JellyfishItem$1 with maxs=true frames=true
[Architectury Transformer DEBUG] Writing com/jellyfishing/common/item/KelpShakeItem with maxs=true frames=true
[Architectury Transformer DEBUG] Writing com/jellyfishing/common/item/KelpMaterial with maxs=true frames=true
[Architectury Transformer DEBUG] Writing com/jellyfishing/common/misc/CloudParticle$Factory with maxs=true frames=true
[Architectury Transformer DEBUG] Writing com/jellyfishing/common/misc/JellyfishingSellItemFactory$SellItemFactory with maxs=true frames=true
[Architectury Transformer DEBUG] Writing com/jellyfishing/common/misc/PlunderingEnchantment with maxs=true frames=true
[Architectury Transformer DEBUG] Writing com/jellyfishing/common/misc/package-info with maxs=true frames=true
[Architectury Transformer DEBUG] Writing com/jellyfishing/common/misc/CloudParticle with maxs=true frames=true
[Architectury Transformer DEBUG] Writing com/jellyfishing/common/misc/JellyfishingSellItemFactory with maxs=true frames=true
[Architectury Transformer DEBUG] Writing com/jellyfishing/common/misc/AgilityEnchantment with maxs=true frames=true
[Architectury Transformer DEBUG] Writing com/jellyfishing/common/worldgen/JellyfishingBiome with maxs=true frames=true
[Architectury Transformer DEBUG] Writing com/jellyfishing/common/worldgen/JellyfishFieldsSurfaceRuleData with maxs=true frames=true
[Architectury Transformer DEBUG] Writing com/jellyfishing/core/Jellyfishing$LootEvents with maxs=true frames=true
[Architectury Transformer DEBUG] Writing com/jellyfishing/core/Jellyfishing with maxs=true frames=true
[Architectury Transformer DEBUG] Writing com/jellyfishing/core/mixin/PlayerMixin with maxs=true frames=true
[Architectury Transformer DEBUG] Writing com/jellyfishing/core/mixin/package-info with maxs=true frames=true
[Architectury Transformer DEBUG] Writing com/jellyfishing/core/mixin/PistonHandlerMixin with maxs=true frames=true
[Architectury Transformer DEBUG] Writing com/jellyfishing/core/mixin/FluidBlockMixin with maxs=true frames=true
[Architectury Transformer DEBUG] Writing com/jellyfishing/core/mixin/BaseSpawnerMixin with maxs=true frames=true
[Architectury Transformer DEBUG] Writing com/jellyfishing/core/mixin/StructurePoolsMixin with maxs=true frames=true
[Architectury Transformer DEBUG] Writing com/jellyfishing/core/mixin/access/DamageSourceAccess with maxs=true frames=true
[Architectury Transformer DEBUG] Writing com/jellyfishing/core/mixin/access/VillagerAccess with maxs=true frames=true
[Architectury Transformer DEBUG] Writing com/jellyfishing/core/mixin/access/StructurePoolAccess with maxs=true frames=true
[Architectury Transformer DEBUG] Writing com/jellyfishing/core/mixin/client/HumanoidArmorLayerMixin with maxs=true frames=true
[Architectury Transformer DEBUG] Writing com/jellyfishing/core/mixin/client/HoneyBlockMixin with maxs=true frames=true
[Architectury Transformer DEBUG] Writing com/jellyfishing/core/registry/JellyfishingItems with maxs=true frames=true
[Architectury Transformer DEBUG] Writing com/jellyfishing/core/registry/JellyfishingBlocks with maxs=true frames=true
[Architectury Transformer DEBUG] Writing com/jellyfishing/core/registry/JellyfishingSounds with maxs=true frames=true
[Architectury Transformer DEBUG] Writing com/jellyfishing/core/registry/JellyfishingBlocks$1 with maxs=true frames=true
[Architectury Transformer DEBUG] Writing com/jellyfishing/core/registry/package-info with maxs=true frames=true
[Architectury Transformer DEBUG] Writing com/jellyfishing/core/registry/JellyfishingVillagers with maxs=true frames=true
[Architectury Transformer DEBUG] Writing com/jellyfishing/core/registry/JellyfishingExtras with maxs=true frames=true
[Architectury Transformer DEBUG] Writing com/jellyfishing/core/registry/JellyfishingTags with maxs=true frames=true
[Architectury Transformer DEBUG] Writing com/jellyfishing/core/registry/JellyfishingPaintings with maxs=true frames=true
[Architectury Transformer DEBUG] Writing com/jellyfishing/core/registry/JellyfishingFeatures with maxs=true frames=true
[Architectury Transformer DEBUG] Writing com/jellyfishing/core/registry/JellyfishingEntities with maxs=true frames=true
[Architectury Transformer DEBUG] Writing com/jellyfishing/core/registry/JellyfishingConfiguredFeatures with maxs=true frames=true
[Architectury Transformer DEBUG] Writing com/jellyfishing/core/registry/JellyfishingEnchantments with maxs=true frames=true
[Architectury Transformer DEBUG] Writing com/jellyfishing/core/registry/JellyfishingParticles with maxs=true frames=true
[Architectury Transformer DEBUG] Writing com/jellyfishing/core/registry/JellyfishingBiomes with maxs=true frames=true
[Architectury Transformer DEBUG] Writing com/jellyfishing/core/registry/JellyfishingParticles$1 with maxs=true frames=true
[Architectury Transformer DEBUG] Writing com/jellyfishing/core/util/ArmorRendererRegistryImpl with maxs=true frames=true
[Architectury Transformer DEBUG] Writing com/jellyfishing/core/util/ArmorRenderer with maxs=true frames=true
[Architectury Transformer DEBUG] Writing com/jellyfishing/core/util/ItemsUtil with maxs=true frames=true
[Architectury Transformer DEBUG] Checking whether /jellyfishing-common-refmap.json is a mixin config.
[Architectury Transformer DEBUG] Checking whether /architectury.common.json is a mixin config.
[Architectury Transformer DEBUG] Checking whether /jellyfishing-common.mixins.json is a mixin config.
[Architectury Transformer DEBUG] Checking whether /jellyfishing-common-refmap.json is a mixin config.
[Architectury Transformer DEBUG] Checking whether /architectury.common.json is a mixin config.
[Architectury Transformer DEBUG] Checking whether /jellyfishing-common.mixins.json is a mixin config.
[Architectury Transformer DEBUG] Found mixin config(s): jellyfishing-common.mixins.json
[Architectury Transformer DEBUG] Appended Launch Argument: [--mixin.config, jellyfishing-common.mixins.json]
[Architectury Transformer DEBUG] Remapping refmap from intermediary to srg: jellyfishing-forge-refmap.json
[Architectury Transformer DEBUG] Closed File Systems for C:\Users\maxba\AppData\Local\Temp\17851284872718618560.jar
[Architectury Transformer] Listening at C:\Users\maxba\IdeaProjects\jellyfishing-1.19\common\build\devlibs\jellyfishing-1.0.0-dev.jar
