[22:57:55] [main/INFO] (FabricLoader/GameProvider) Loading Minecraft 1.19.3 with Fabric Loader 0.14.12
[22:57:55] [ForkJoinPool-1-worker-1/WARN] (FabricLoader/Metadata) Mod jellyfishing-datagen uses the version ${version} which isn't compatible with Loader's extended semantic version format (Could not parse version number component '${version}'!), SemVer is recommended for reliably evaluating dependencies and prioritizing newer version
[22:57:55] [main/INFO] (FabricLoader) Loading 42 mods:
	- architectury 7.0.66
	- fabric-api 0.72.0+1.19.3
	- fabric-api-base 0.4.20+afca2f3e85
	- fabric-api-lookup-api-v1 1.6.19+49abcf7e85
	- fabric-biome-api-v1 12.1.0+b5d379b085
	- fabric-block-api-v1 1.0.4+e022e5d185
	- fabric-command-api-v2 2.2.0+3fc4752e85
	- fabric-content-registries-v0 3.5.0+1d37d50285
	- fabric-convention-tags-v1 1.2.1+8e4e694f85
	- fabric-crash-report-info-v1 0.2.13+aeb40ebe85
	- fabric-data-generation-api-v1 11.1.4+1134c5b885
	- fabric-dimensions-v1 2.1.40+48349a3f85
	- fabric-entity-events-v1 1.5.6+b83334a085
	- fabric-events-interaction-v0 0.4.39+3baeb27a85
	- fabric-game-rule-api-v1 1.0.29+99f9db8085
	- fabric-gametest-api-v1 1.1.16+1134c5b885
	- fabric-item-api-v1 2.1.8+1134c5b885
	- fabric-item-group-api-v1 2.1.11+1134c5b885
	- fabric-lifecycle-events-v1 2.2.9+23a79c8a85
	- fabric-loot-api-v2 1.1.19+75e9821185
	- fabric-message-api-v1 5.0.13+6ede1da985
	- fabric-mining-level-api-v1 2.1.30+49abcf7e85
	- fabric-networking-api-v1 1.2.16+4017a8cb85
	- fabric-object-builder-api-v1 5.3.0+85f102ee85
	- fabric-particles-v1 1.0.19+f1e4495b85
	- fabric-recipe-api-v1 1.0.0+5176f73d85
	- fabric-registry-sync-v0 2.0.4+1134c5b885
	- fabric-rendering-data-attachment-v1 0.3.24+afca2f3e85
	- fabric-rendering-fluids-v1 3.0.17+f1e4495b85
	- fabric-resource-conditions-api-v1 2.2.2+1134c5b885
	- fabric-resource-loader-v0 0.10.4+a91e48b785
	- fabric-screen-handler-api-v1 1.3.12+99f9db8085
	- fabric-transfer-api-v1 2.1.14+ccd377ba85
	- fabric-transitive-access-wideners-v1 2.3.0+5b9a588b85
	- fabricloader 0.14.12
	- forgeconfigapiport 5.0.3
	- generated_18eb8be 1.0.0
	- java 17
	- jellyfishing 1.0.0
	- jellyfishing-datagen ${version}
	- minecraft 1.19.3
	- terrablender 2.1.0.134
[22:57:56] [main/INFO] (FabricLoader/Mixin) SpongePowered MIXIN Subsystem Version=0.8.5 Source=file:/C:/Users/Steve/.gradle/caches/modules-2/files-2.1/net.fabricmc/sponge-mixin/0.11.4+mixin.0.8.5/c1dc27696aa4006e492c2485c9ccbcb26045a971/sponge-mixin-0.11.4+mixin.0.8.5.jar Service=Knot/Fabric Env=SERVER
[22:57:56] [main/INFO] (FabricLoader/Mixin) Loaded Fabric development mappings for mixin remapper!
[22:57:56] [main/INFO] (FabricLoader/Mixin) Compatibility level set to JAVA_17
[22:57:56] [main/WARN] (FabricLoader/Mixin) Error loading class: net/minecraft/client/gui/screens/worldselection/WorldOpenFlows (java.lang.RuntimeException: Cannot load class net.minecraft.client.gui.screens.worldselection.WorldOpenFlows in environment type SERVER)
[22:57:56] [main/WARN] (FabricLoader/Mixin) @Mixin target net.minecraft.client.gui.screens.worldselection.WorldOpenFlows was not found terrablender.mixins.json:MixinWorldOpenFlows from mod terrablender
[22:58:01] [main/INFO] (Minecraft) Building unoptimized datafixer
[22:58:03] [main/INFO] (terrablender) Registered region minecraft:overworld to index 0 for type OVERWORLD
[22:58:03] [main/INFO] (terrablender) Registered region minecraft:nether to index 0 for type NETHER
[22:58:03] [main/INFO] (terrablender) Registered region jellyfishing:biome_region to index 1 for type OVERWORLD
[22:58:04] [main/ERROR] (Minecraft) No data fixer registered for jellyfishing:textures/entities/blue_jellyfish.png
[22:58:04] [main/ERROR] (Minecraft) No data fixer registered for jellyfishing:textures/entities/blue_jellyfish.png
[22:58:05] [main/INFO] (FabricDataGenHelper) Running data generator for jellyfishing-datagen
[22:58:05] [main/INFO] (Minecraft) Starting provider: JellyFishing Data Generation/Jellyfishing World Generation Modifications
[22:58:05] [main/INFO] (Minecraft) JellyFishing Data Generation/Jellyfishing World Generation Modifications finished after 460 ms
[22:58:05] [main/INFO] (Minecraft) All providers took: 461 ms
[22:58:05] [main/INFO] (Minecraft) Caching: total files: 3, old count: 3, new count: 4, removed stale: 0, written: 1
